{
  "RSpec": {
    "coverage": {
      "/Users/antoniodaria/projects/pairing_challenges/Bookmark_Manager/spec/features/bookmark_spec.rb": [
        1,
        1,
        1,
        1,
        null,
        null
      ],
      "/Users/antoniodaria/projects/pairing_challenges/Bookmark_Manager/spec/features/index_spec.rb": [
        1,
        1,
        1,
        1,
        null,
        null
      ],
      "/Users/antoniodaria/projects/pairing_challenges/Bookmark_Manager/spec/unit/bookmarks_spec.rb": [
        1,
        null,
        1,
        2,
        1,
        1,
        1,
        1,
        null,
        null,
        null,
        null,
        null
      ],
      "/Users/antoniodaria/projects/pairing_challenges/Bookmark_Manager/lib/bookmarks.rb": [
        1,
        1,
        1,
        1,
        null,
        null,
        1,
        1,
        null,
        null
      ]
    },
    "timestamp": 1537797081
  }
}
