{
  "RSpec": {
    "coverage": {
      "/Users/antoniodaria/projects/pairing_challenges/Bookmark_Manager/spec/features/creating_bookmarks_spec.rb": [
        1,
        1,
        1,
        1,
        1,
        1,
        null,
        1,
        null,
        null,
        1,
        1,
        1,
        1,
        1,
        null,
        1,
        1,
        null,
        null
      ],
      "/Users/antoniodaria/projects/pairing_challenges/Bookmark_Manager/spec/features/index_spec.rb": [
        1,
        1,
        1,
        1,
        null,
        null
      ],
      "/Users/antoniodaria/projects/pairing_challenges/Bookmark_Manager/spec/features/viewing_bookmarks_spec.rb": [
        1,
        null,
        1,
        1,
        null,
        null,
        null,
        null,
        null,
        null,
        1,
        1,
        1,
        null,
        1,
        null,
        1,
        1,
        1,
        null,
        null
      ],
      "/Users/antoniodaria/projects/pairing_challenges/Bookmark_Manager/spec/unit/bookmark_spec.rb": [
        1,
        null,
        1,
        4,
        1,
        1,
        1,
        null,
        null,
        1,
        1,
        null,
        null,
        1,
        1,
        null,
        null,
        null,
        null
      ],
      "/Users/antoniodaria/projects/pairing_challenges/Bookmark_Manager/lib/bookmark.rb": [
        1,
        1,
        null,
        1,
        11,
        11,
        11,
        null,
        null,
        null
      ],
      "/Users/antoniodaria/projects/pairing_challenges/Bookmark_Manager/spec/unit/bookmarks_spec.rb": [
        1,
        null,
        1,
        null,
        1,
        1,
        1,
        1,
        null,
        null,
        1,
        1,
        1,
        null,
        1,
        1,
        null,
        1,
        1,
        1,
        1,
        1,
        null,
        null,
        null,
        null,
        1,
        1,
        1,
        null,
        1,
        1,
        1,
        1,
        null,
        null,
        null,
        1,
        1,
        1,
        null,
        null,
        null
      ]
    },
    "timestamp": 1538063866
  }
}
